<?xml version="1.0" encoding="UTF-8"?>
<testsuite xmlns:xsi="http://www.w3.org/2001/XMLSchema-instance" xsi:noNamespaceSchemaLocation="https://maven.apache.org/surefire/maven-surefire-plugin/xsd/surefire-test-report-3.0.xsd" version="3.0" name="org.eclipse.leshan.server.redis.serialization.RegistrationSerDesTest" time="0.287" tests="2" errors="0" skipped="0" failures="0">
  <properties>
    <property name="java.specification.version" value="17"/>
    <property name="sun.cpu.isalist" value="amd64"/>
    <property name="sun.jnu.encoding" value="Cp1252"/>
    <property name="java.class.path" value="C:\Users\TomGr\Desktop\leshan\leshan-server-redis\target\test-classes;C:\Users\TomGr\Desktop\leshan\leshan-server-redis\target\classes;C:\Users\TomGr\Desktop\leshan\leshan-server-cf\target\leshan-server-cf-2.0.0-SNAPSHOT.jar;C:\Users\TomGr\Desktop\leshan\leshan-core-cf\target\leshan-core-cf-2.0.0-SNAPSHOT.jar;C:\Users\TomGr\Desktop\leshan\leshan-core\target\leshan-core-2.0.0-SNAPSHOT.jar;C:\Users\TomGr\.m2\repository\com\fasterxml\jackson\core\jackson-databind\2.13.1\jackson-databind-2.13.1.jar;C:\Users\TomGr\.m2\repository\com\fasterxml\jackson\core\jackson-annotations\2.13.1\jackson-annotations-2.13.1.jar;C:\Users\TomGr\.m2\repository\com\fasterxml\jackson\core\jackson-core\2.13.1\jackson-core-2.13.1.jar;C:\Users\TomGr\.m2\repository\com\upokecenter\cbor\4.5\cbor-4.5.jar;C:\Users\TomGr\.m2\repository\com\github\peteroupc\numbers\1.8.2\numbers-1.8.2.jar;C:\Users\TomGr\Desktop\leshan\leshan-server-core\target\leshan-server-core-2.0.0-SNAPSHOT.jar;C:\Users\TomGr\.m2\repository\org\eclipse\californium\californium-core\3.2.0\californium-core-3.2.0.jar;C:\Users\TomGr\.m2\repository\org\eclipse\californium\californium-legal\3.2.0\californium-legal-3.2.0.jar;C:\Users\TomGr\.m2\repository\org\eclipse\californium\element-connector\3.2.0\element-connector-3.2.0.jar;C:\Users\TomGr\.m2\repository\org\eclipse\californium\scandium\3.2.0\scandium-3.2.0.jar;C:\Users\TomGr\.m2\repository\redis\clients\jedis\4.0.1\jedis-4.0.1.jar;C:\Users\TomGr\.m2\repository\org\slf4j\slf4j-api\1.7.32\slf4j-api-1.7.32.jar;C:\Users\TomGr\.m2\repository\org\apache\commons\commons-pool2\2.11.1\commons-pool2-2.11.1.jar;C:\Users\TomGr\.m2\repository\org\json\json\20211205\json-20211205.jar;C:\Users\TomGr\.m2\repository\com\google\code\gson\gson\2.8.9\gson-2.8.9.jar;C:\Users\TomGr\.m2\repository\junit\junit\4.13.2\junit-4.13.2.jar;C:\Users\TomGr\.m2\repository\org\hamcrest\hamcrest-core\1.3\hamcrest-core-1.3.jar;"/>
    <property name="java.vm.vendor" value="Oracle Corporation"/>
    <property name="sun.arch.data.model" value="64"/>
    <property name="user.variant" value=""/>
    <property name="java.vendor.url" value="https://java.oracle.com/"/>
    <property name="user.timezone" value="Europe/Amsterdam"/>
    <property name="user.country.format" value="NL"/>
    <property name="os.name" value="Windows 10"/>
    <property name="java.vm.specification.version" value="17"/>
    <property name="sun.java.launcher" value="SUN_STANDARD"/>
    <property name="user.country" value="GB"/>
    <property name="sun.boot.library.path" value="C:\Program Files\Java\jdk-17.0.1\bin"/>
    <property name="sun.java.command" value="C:\Users\TomGr\AppData\Local\Temp\surefire6858150162620976607\surefirebooter2096929773562235948.jar C:\Users\TomGr\AppData\Local\Temp\surefire6858150162620976607 2022-01-15T18-32-34_632-jvmRun1 surefire7288141077494454198tmp surefire_127082297587537802754tmp"/>
    <property name="jdk.debug" value="release"/>
    <property name="surefire.test.class.path" value="C:\Users\TomGr\Desktop\leshan\leshan-server-redis\target\test-classes;C:\Users\TomGr\Desktop\leshan\leshan-server-redis\target\classes;C:\Users\TomGr\Desktop\leshan\leshan-server-cf\target\leshan-server-cf-2.0.0-SNAPSHOT.jar;C:\Users\TomGr\Desktop\leshan\leshan-core-cf\target\leshan-core-cf-2.0.0-SNAPSHOT.jar;C:\Users\TomGr\Desktop\leshan\leshan-core\target\leshan-core-2.0.0-SNAPSHOT.jar;C:\Users\TomGr\.m2\repository\com\fasterxml\jackson\core\jackson-databind\2.13.1\jackson-databind-2.13.1.jar;C:\Users\TomGr\.m2\repository\com\fasterxml\jackson\core\jackson-annotations\2.13.1\jackson-annotations-2.13.1.jar;C:\Users\TomGr\.m2\repository\com\fasterxml\jackson\core\jackson-core\2.13.1\jackson-core-2.13.1.jar;C:\Users\TomGr\.m2\repository\com\upokecenter\cbor\4.5\cbor-4.5.jar;C:\Users\TomGr\.m2\repository\com\github\peteroupc\numbers\1.8.2\numbers-1.8.2.jar;C:\Users\TomGr\Desktop\leshan\leshan-server-core\target\leshan-server-core-2.0.0-SNAPSHOT.jar;C:\Users\TomGr\.m2\repository\org\eclipse\californium\californium-core\3.2.0\californium-core-3.2.0.jar;C:\Users\TomGr\.m2\repository\org\eclipse\californium\californium-legal\3.2.0\californium-legal-3.2.0.jar;C:\Users\TomGr\.m2\repository\org\eclipse\californium\element-connector\3.2.0\element-connector-3.2.0.jar;C:\Users\TomGr\.m2\repository\org\eclipse\californium\scandium\3.2.0\scandium-3.2.0.jar;C:\Users\TomGr\.m2\repository\redis\clients\jedis\4.0.1\jedis-4.0.1.jar;C:\Users\TomGr\.m2\repository\org\slf4j\slf4j-api\1.7.32\slf4j-api-1.7.32.jar;C:\Users\TomGr\.m2\repository\org\apache\commons\commons-pool2\2.11.1\commons-pool2-2.11.1.jar;C:\Users\TomGr\.m2\repository\org\json\json\20211205\json-20211205.jar;C:\Users\TomGr\.m2\repository\com\google\code\gson\gson\2.8.9\gson-2.8.9.jar;C:\Users\TomGr\.m2\repository\junit\junit\4.13.2\junit-4.13.2.jar;C:\Users\TomGr\.m2\repository\org\hamcrest\hamcrest-core\1.3\hamcrest-core-1.3.jar;"/>
    <property name="sun.cpu.endian" value="little"/>
    <property name="user.home" value="C:\Users\TomGr"/>
    <property name="user.language" value="en"/>
    <property name="java.specification.vendor" value="Oracle Corporation"/>
    <property name="java.version.date" value="2021-10-19"/>
    <property name="java.home" value="C:\Program Files\Java\jdk-17.0.1"/>
    <property name="file.separator" value="\"/>
    <property name="basedir" value="C:\Users\TomGr\Desktop\leshan\leshan-server-redis"/>
    <property name="java.vm.compressedOopsMode" value="Zero based"/>
    <property name="line.separator" value="&#10;"/>
    <property name="java.vm.specification.vendor" value="Oracle Corporation"/>
    <property name="java.specification.name" value="Java Platform API Specification"/>
    <property name="logback.configurationFile" value="logback-leshan-test.xml"/>
    <property name="surefire.real.class.path" value="C:\Users\TomGr\AppData\Local\Temp\surefire6858150162620976607\surefirebooter2096929773562235948.jar"/>
    <property name="user.script" value=""/>
    <property name="sun.management.compiler" value="HotSpot 64-Bit Tiered Compilers"/>
    <property name="java.runtime.version" value="17.0.1+12-LTS-39"/>
    <property name="user.name" value="TomGr"/>
    <property name="path.separator" value=";"/>
    <property name="os.version" value="10.0"/>
    <property name="java.runtime.name" value="Java(TM) SE Runtime Environment"/>
    <property name="file.encoding" value="Cp1252"/>
    <property name="java.vm.name" value="Java HotSpot(TM) 64-Bit Server VM"/>
    <property name="localRepository" value="C:\Users\TomGr\.m2\repository"/>
    <property name="java.vendor.url.bug" value="https://bugreport.java.com/bugreport/"/>
    <property name="java.io.tmpdir" value="C:\Users\TomGr\AppData\Local\Temp\"/>
    <property name="java.version" value="17.0.1"/>
    <property name="user.dir" value="C:\Users\TomGr\Desktop\leshan\leshan-server-redis"/>
    <property name="os.arch" value="amd64"/>
    <property name="java.vm.specification.name" value="Java Virtual Machine Specification"/>
    <property name="user.language.format" value="nl"/>
    <property name="sun.os.patch.level" value=""/>
    <property name="native.encoding" value="Cp1252"/>
    <property name="java.library.path" value="C:\Program Files\Java\jdk-17.0.1\bin;C:\Windows\Sun\Java\bin;C:\Windows\system32;C:\Windows;C:\Users\TomGr\bin;C:\Program Files\Git\mingw64\bin;C:\Program Files\Git\usr\local\bin;C:\Program Files\Git\usr\bin;C:\Program Files\Git\usr\bin;C:\Program Files\Git\mingw64\bin;C:\Program Files\Git\usr\bin;C:\Users\TomGr\bin;C:\Program Files (x86)\Common Files\Oracle\Java\javapath;C:\Program Files\Microsoft MPI\Bin;C:\Program Files (x86)\Common Files\Intel\Shared Libraries\redist\intel64\compiler;C:\Windows\system32;C:\Windows;C:\Windows\System32\Wbem;C:\Windows\System32\WindowsPowerShell\v1.0;C:\Windows\System32\OpenSSH;C:\Program Files\NVIDIA Corporation\NVIDIA NvDLISR;C:\Program Files (x86)\NVIDIA Corporation\PhysX\Common;C:\Program Files\MATLAB\R2020a\bin;C:\xampp\php;C:\ProgramData\ComposerSetup\bin;C:\Program Files (x86)\nodejs;C:\Program Files\Docker\Docker\resources\bin;C:\ProgramData\DockerDesktop\version-bin;C:\Program Files\Git\cmd;C:\Users\TomGr\AppData\Local\Programs\Python\Python38-32\Scripts;C:\Users\TomGr\AppData\Local\Microsoft\WindowsApps;C:\Users\TomGr\AppData\Roaming\Composer\vendor\bin;C:\Users\TomGr\AppData\Roaming\npm;C:\Program Files\PostgreSQL\11\bin;C:\Users\TomGr\AppData\Local\Programs\Microsoft VS Code\bin;C:\ProgramData\dos2unix\bin;C:\Program Files\Java\jdk-17.0.1\bin;C:\xampp73\php80;C:\Users\TomGr\AppData\Roaming\npm;C:\Users\TomGr\AppData\Roaming\phpunit;C:\Users\TomGr\AppData\Roaming\Maven\bin;C:\Program Files\Git\usr\bin\vendor_perl;C:\Program Files\Git\usr\bin\core_perl;."/>
    <property name="java.vm.info" value="mixed mode, sharing"/>
    <property name="java.vendor" value="Oracle Corporation"/>
    <property name="java.vm.version" value="17.0.1+12-LTS-39"/>
    <property name="sun.io.unicode.encoding" value="UnicodeLittle"/>
    <property name="java.class.version" value="61.0"/>
  </properties>
  <testcase name="ser_and_des_are_equals_with_app_data" classname="org.eclipse.leshan.server.redis.serialization.RegistrationSerDesTest" time="0.287"/>
  <testcase name="ser_and_des_are_equals" classname="org.eclipse.leshan.server.redis.serialization.RegistrationSerDesTest" time="0"/>
</testsuite>